This is pdfTeX, Version 3.14159265-2.6-1.40.20 (TeX Live 2019/Debian) (preloaded format=pdflatex 2020.6.27)  30 AUG 2020 12:09
entering extended mode
 restricted \write18 enabled.
 %&-line parsing enabled.
**title.tex
(./title.tex
LaTeX2e <2020-02-02> patch level 2
L3 programming layer <2020-02-14>

! LaTeX Error: Environment titlepage undefined.

See the LaTeX manual or LaTeX Companion for explanation.
Type  H <return>  for immediate help.
 ...                                              
                                                  
l.2 \begin{titlepage}
                     
Your command was ignored.
Type  I <command> <return>  to replace it with another command,
or  <return>  to continue without it.


! LaTeX Error: Missing \begin{document}.

See the LaTeX manual or LaTeX Companion for explanation.
Type  H <return>  for immediate help.
 ...                                              
                                                  
l.6 \center
            % Center everything on the page
You're in trouble here.  Try typing  <return>  to proceed.
If that doesn't work, type  X <return>  to quit.


Overfull \hbox (20.0pt too wide) in paragraph at lines 6--6
[] 
 []

! Undefined control sequence.
<recently read> \LARGE 
                       
l.12 \textsc{\LARGE 2020 Summer Project}
                                        \\[1.5cm] % Name of your university/...
The control sequence at the end of the top line
of your error message was never \def'ed. If you have
misspelled it (e.g., `\hobx'), type `I' and the correct
spelling (e.g., `I\hbox'). Otherwise just continue,
and I'll forget about whatever was undefined.


Overfull \hbox (22.1109pt too wide) in paragraph at lines 12--12
 \OT1/cmr/m/sc/10 2020 
 []


Overfull \hbox (23.48872pt too wide) in paragraph at lines 12--12
 \OT1/cmr/m/sc/10 Sum- 
 []


Overfull \hbox (19.06657pt too wide) in paragraph at lines 12--12
 \OT1/cmr/m/sc/10 mer 
 []


Overfull \hbox (41.2164pt too wide) in paragraph at lines 12--12
 \OT1/cmr/m/sc/10 Project 
 []

! Undefined control sequence.
<recently read> \Large 
                       
l.13 \textsc{\Large IISER Mohali}
                                 \\[0.5cm] % Major heading such as course name
The control sequence at the end of the top line
of your error message was never \def'ed. If you have
misspelled it (e.g., `\hobx'), type `I' and the correct
spelling (e.g., `I\hbox'). Otherwise just continue,
and I'll forget about whatever was undefined.


Overfull \hbox (29.9302pt too wide) in paragraph at lines 13--13
 []\OT1/cmr/m/sc/10 IISER 
 []


Overfull \hbox (20.02205pt too wide) in paragraph at lines 13--13
 \OT1/cmr/m/sc/10 Mo- 
 []


Overfull \hbox (20.42213pt too wide) in paragraph at lines 13--13
 \OT1/cmr/m/sc/10 hali 
 []

! Undefined control sequence.
l.19 { \huge
             \bfseries \@title}\\[0.4cm] % Title of your document
The control sequence at the end of the top line
of your error message was never \def'ed. If you have
misspelled it (e.g., `\hobx'), type `I' and the correct
spelling (e.g., `I\hbox'). Otherwise just continue,
and I'll forget about whatever was undefined.


! LaTeX Error: No \title given.

See the LaTeX manual or LaTeX Companion for explanation.
Type  H <return>  for immediate help.
 ...                                              
                                                  
l.19 { \huge \bfseries \@title
                              }\\[0.4cm] % Title of your document
Try typing  <return>  to proceed.
If that doesn't work, type  X <return>  to quit.


! LaTeX Error: There's no line here to end.

See the LaTeX manual or LaTeX Companion for explanation.
Type  H <return>  for immediate help.
 ...                                              
                                                  
l.19 { \huge \bfseries \@title}\\
                                 [0.4cm] % Title of your document
Your command was ignored.
Type  I <command> <return>  to replace it with another command,
or  <return>  to continue without it.

! Undefined control sequence.
l.27 \begin{flushleft} \large
                             
The control sequence at the end of the top line
of your error message was never \def'ed. If you have
misspelled it (e.g., `\hobx'), type `I' and the correct
spelling (e.g., `I\hbox'). Otherwise just continue,
and I'll forget about whatever was undefined.


LaTeX Warning: No \author given.

LaTeX Font Info:    External font `cmex10' loaded for size
(Font)              <7> on input line 31.
LaTeX Font Info:    External font `cmex10' loaded for size
(Font)              <5> on input line 31.
! Undefined control sequence.
l.34 \begin{flushright} \large
                              
The control sequence at the end of the top line
of your error message was never \def'ed. If you have
misspelled it (e.g., `\hobx'), type `I' and the correct
spelling (e.g., `I\hbox'). Otherwise just continue,
and I'll forget about whatever was undefined.

Missing character: There is no D in font nullfont!
Missing character: There is no r in font nullfont!
Missing character: There is no . in font nullfont!
Missing character: There is no P in font nullfont!
Missing character: There is no . in font nullfont!
Missing character: There is no B in font nullfont!
Missing character: There is no a in font nullfont!
Missing character: There is no l in font nullfont!
Missing character: There is no a in font nullfont!
Missing character: There is no n in font nullfont!
Missing character: There is no a in font nullfont!
Missing character: There is no r in font nullfont!
Missing character: There is no a in font nullfont!
Missing character: There is no y in font nullfont!
Missing character: There is no a in font nullfont!
Missing character: There is no n in font nullfont!

Overfull \hbox (3276.74998pt too wide) in paragraph at lines 26--39
 []$[]$ 
 []


Overfull \hbox (3276.74998pt too wide) in paragraph at lines 26--39
 []$ 
 []


! LaTeX Error: \begin{document} ended by \end{titlepage}.

See the LaTeX manual or LaTeX Companion for explanation.
Type  H <return>  for immediate help.
 ...                                              
                                                  
l.52 \end{titlepage}
                    
Your command was ignored.
Type  I <command> <return>  to replace it with another command,
or  <return>  to continue without it.

)
! Emergency stop.
<*> title.tex
             
*** (job aborted, no legal \end found)

 
Here is how much of TeX's memory you used:
 29 strings out of 483065
 509 string characters out of 5963550
 232997 words of memory out of 5000000
 15160 multiletter control sequences out of 15000+600000
 533293 words of font info for 27 fonts, out of 8000000 for 9000
 81 hyphenation exceptions out of 8191
 20i,3n,18p,135b,211s stack positions out of 5000i,500n,10000p,200000b,80000s
!  ==> Fatal error occurred, no output PDF file produced!
